build/app/outputs/mapping/release/mapping.txt
# compiler: R8
# compiler_version: 1.5.64
# min_api: 16
# pg_map_id: d296c53
...
androidx.lifecycle.SingleGeneratedAdapterObserver -> androidx.lifecycle.SingleGeneratedAdapterObserver:
    androidx.lifecycle.GeneratedAdapter mGeneratedAdapter -> a
    void onStateChanged(androidx.lifecycle.LifecycleOwner,androidx.lifecycle.Lifecycle$Event) -> a
androidx.lifecycle.ViewModel -> androidx.lifecycle.r:
    java.util.Map mBagOfTags -> a
    void clear() -> a
    void closeWithRuntimeException(java.lang.Object) -> a
    void onCleared() -> b
androidx.lifecycle.ViewModelProvider -> androidx.lifecycle.s:
    androidx.lifecycle.ViewModelStore mViewModelStore -> b
    androidx.lifecycle.ViewModelProvider$Factory mFactory -> a
    androidx.lifecycle.ViewModel get(java.lang.Class) -> a
    androidx.lifecycle.ViewModel get(java.lang.String,java.lang.Class) -> a
androidx.lifecycle.ViewModelProvider$Factory -> androidx.lifecycle.s$a:
    androidx.lifecycle.ViewModel create(java.lang.Class) -> a
androidx.lifecycle.ViewModelProvider$KeyedFactory -> androidx.lifecycle.s$b:
    androidx.lifecycle.ViewModel create(java.lang.Class) -> a
    androidx.lifecycle.ViewModel create(java.lang.String,java.lang.Class) -> a
androidx.lifecycle.ViewModelStore -> androidx.lifecycle.t:
    java.util.HashMap mMap -> a
    void clear() -> a
    androidx.lifecycle.ViewModel get(java.lang.String) -> a
    void put(java.lang.String,androidx.lifecycle.ViewModel) -> a
androidx.lifecycle.ViewModelStoreOwner -> androidx.lifecycle.u:
    androidx.lifecycle.ViewModelStore getViewModelStore() -> b
androidx.loader.app.LoaderManager -> a.e.a.a:
    void dump(java.lang.String,java.io.FileDescriptor,java.io.PrintWriter,java.lang.String[]) -> a
    androidx.loader.app.LoaderManager getInstance(androidx.lifecycle.LifecycleOwner) -> a
    void markForRedelivery() -> a
androidx.loader.app.LoaderManagerImpl -> a.e.a.b:
    androidx.lifecycle.LifecycleOwner mLifecycleOwner -> a
    androidx.loader.app.LoaderManagerImpl$LoaderViewModel mLoaderViewModel -> b
    boolean DEBUG -> c
    void dump(java.lang.String,java.io.FileDescriptor,java.io.PrintWriter,java.lang.String[]) -> a
    void markForRedelivery() -> a
androidx.loader.app.LoaderManagerImpl$LoaderInfo -> a.e.a.b$a:
    androidx.loader.content.Loader mLoader -> l
    androidx.lifecycle.LifecycleOwner mLifecycleOwner -> m
    int mId -> j
    androidx.loader.app.LoaderManagerImpl$LoaderObserver mObserver -> n
    android.os.Bundle mArgs -> k
    androidx.loader.content.Loader mPriorLoader -> o
    androidx.loader.content.Loader destroy(boolean) -> a
    void dump(java.lang.String,java.io.FileDescriptor,java.io.PrintWriter,java.lang.String[]) -> a
    void onActive() -> a
    void removeObserver(androidx.lifecycle.Observer) -> a
    void setValue(java.lang.Object) -> a
    void onInactive() -> b
    void markForRedelivery() -> c
androidx.loader.app.LoaderManagerImpl$LoaderObserver -> a.e.a.b$b:
androidx.loader.app.LoaderManagerImpl$LoaderViewModel -> a.e.a.b$c:
    androidx.lifecycle.ViewModelProvider$Factory FACTORY -> c
    androidx.collection.SparseArrayCompat mLoaders -> b
    void dump(java.lang.String,java.io.FileDescriptor,java.io.PrintWriter,java.lang.String[]) -> a
    androidx.loader.app.LoaderManagerImpl$LoaderViewModel getInstance(androidx.lifecycle.ViewModelStore) -> a
    void onCleared() -> b
    void markForRedelivery() -> c
androidx.loader.app.LoaderManagerImpl$LoaderViewModel$1 -> a.e.a.b$c$a:
    androidx.lifecycle.ViewModel create(java.lang.Class) -> a
androidx.loader.content.Loader -> a.e.b.a:
    boolean cancelLoad() -> a
    void dump(java.lang.String,java.io.FileDescriptor,java.io.PrintWriter,java.lang.String[]) -> a
    void reset() -> b
    void startLoading() -> c
    void stopLoading() -> d
androidx.loader.content.Loader$OnLoadCompleteListener -> a.e.b.a$a: